kitview/app/build/outputs/logs/manifest-merger-debug-report.txt
-- Merging decision tree log ---
manifest
ADDED from src\main\AndroidManifest.xml:2:1-136:12
	package
		ADDED from src\main\AndroidManifest.xml:3:5-36
		INJECTED from src\main\AndroidManifest.xml
		INJECTED from src\main\AndroidManifest.xml
	android:versionName
		ADDED from src\main\AndroidManifest.xml:6:5-30
		INJECTED from src\main\AndroidManifest.xml
		INJECTED from src\main\AndroidManifest.xml
	android:versionCode
		ADDED from src\main\AndroidManifest.xml:5:5-28
		INJECTED from src\main\AndroidManifest.xml
		INJECTED from src\main\AndroidManifest.xml
	xmlns:android
		ADDED from src\main\AndroidManifest.xml:2:11-69
	android:installLocation
		ADDED from src\main\AndroidManifest.xml:4:5-35
uses-sdk
ADDED from src\main\AndroidManifest.xml:9:5-11:41
MERGED from [com.android.support:multidex:1.0.1] AndroidManifest.xml:18:5-42
MERGED from [com.android.support:appcompat-v7:21.0.3] AndroidManifest.xml:15:5-42
	android:targetSdkVersion
		ADDED from src\main\AndroidManifest.xml:11:9-38
		INJECTED from src\main\AndroidManifest.xml
		INJECTED from src\main\AndroidManifest.xml
	android:minSdkVersion
		ADDED from src\main\AndroidManifest.xml:10:9-34
		INJECTED from src\main\AndroidManifest.xml
		INJECTED from src\main\AndroidManifest.xml
uses-feature#android.hardware.camera
ADDED from src\main\AndroidManifest.xml:13:5-15:35
	android:required
		ADDED from src\main\AndroidManifest.xml:15:9-32
	android:name
		ADDED from src\main\AndroidManifest.xml:14:9-47
uses-feature#android.hardware.camera.location.network
ADDED from src\main\AndroidManifest.xml:16:5-18:36
	android:required
		ADDED from src\main\AndroidManifest.xml:18:9-33
	android:name
		ADDED from src\main\AndroidManifest.xml:17:9-64
uses-permission#android.permission.CAMERA
ADDED from src\main\AndroidManifest.xml:26:5-65
	android:name
		ADDED from src\main\AndroidManifest.xml:26:22-62
uses-permission#android.permission.WRITE_EXTERNAL_STORAGE
ADDED from src\main\AndroidManifest.xml:27:5-81
	android:name
		ADDED from src\main\AndroidManifest.xml:27:22-78
uses-permission#android.permission.READ_EXTERNAL_STORAGE
ADDED from src\main\AndroidManifest.xml:28:5-80
	android:name
		ADDED from src\main\AndroidManifest.xml:28:22-77
uses-permission#android.permission.STORAGE
ADDED from src\main\AndroidManifest.xml:29:5-66
	android:name
		ADDED from src\main\AndroidManifest.xml:29:22-63
uses-permission#android.permission.INTERNET
ADDED from src\main\AndroidManifest.xml:30:5-67
	android:name
		ADDED from src\main\AndroidManifest.xml:30:22-64
uses-permission#android.permission.VIBRATE
ADDED from src\main\AndroidManifest.xml:31:5-66
	android:name
		ADDED from src\main\AndroidManifest.xml:31:22-63
uses-permission#android.permission.ACCESS_WIFI_STATE
ADDED from src\main\AndroidManifest.xml:32:5-76
	android:name
		ADDED from src\main\AndroidManifest.xml:32:22-73
uses-permission#android.permission.PREVENT_POWER_KEY
ADDED from src\main\AndroidManifest.xml:33:5-76
	android:name
		ADDED from src\main\AndroidManifest.xml:33:22-73
uses-permission#android.permission.ACCESS_NETWORK_STATE
ADDED from src\main\AndroidManifest.xml:38:5-79
	android:name
		ADDED from src\main\AndroidManifest.xml:38:22-76
application
ADDED from src\main\AndroidManifest.xml:40:5-134:19
MERGED from [com.android.support:appcompat-v7:21.0.3] AndroidManifest.xml:16:5-19
	android:label
		ADDED from src\main\AndroidManifest.xml:44:9-32
	android:hardwareAccelerated
		ADDED from src\main\AndroidManifest.xml:42:9-44
	android:allowBackup
		ADDED from src\main\AndroidManifest.xml:41:9-35
	android:icon
		ADDED from src\main\AndroidManifest.xml:43:9-38
	android:largeHeap
		ADDED from src\main\AndroidManifest.xml:45:9-33
	android:theme
		ADDED from src\main\AndroidManifest.xml:46:9-40
activity#activity.SplashScreenActivity
ADDED from src\main\AndroidManifest.xml:47:9-56:20
	android:launchMode
		ADDED from src\main\AndroidManifest.xml:49:13-42
	android:noHistory
		ADDED from src\main\AndroidManifest.xml:50:13-37
	android:name
		ADDED from src\main\AndroidManifest.xml:48:13-57
intent-filter#android.intent.action.MAIN+android.intent.category.LAUNCHER
ADDED from src\main\AndroidManifest.xml:51:13-55:29
action#android.intent.action.MAIN
ADDED from src\main\AndroidManifest.xml:52:17-69
	android:name
		ADDED from src\main\AndroidManifest.xml:52:25-66
category#android.intent.category.LAUNCHER
ADDED from src\main\AndroidManifest.xml:54:17-77
	android:name
		ADDED from src\main\AndroidManifest.xml:54:27-74
activity#activity.MainActivity
ADDED from src\main\AndroidManifest.xml:57:9-66:20
	android:launchMode
		ADDED from src\main\AndroidManifest.xml:60:13-42
	android:configChanges
		ADDED from src\main\AndroidManifest.xml:59:13-74
	android:name
		ADDED from src\main\AndroidManifest.xml:58:13-49
activity#activity.ScenariosActivity
ADDED from src\main\AndroidManifest.xml:67:9-72:20
	android:screenOrientation
		ADDED from src\main\AndroidManifest.xml:71:13-50
	android:noHistory
		ADDED from src\main\AndroidManifest.xml:70:13-37
	android:configChanges
		ADDED from src\main\AndroidManifest.xml:69:13-48
	android:name
		ADDED from src\main\AndroidManifest.xml:68:13-54
activity#activity.FolderActivity
ADDED from src\main\AndroidManifest.xml:73:9-78:20
	android:launchMode
		ADDED from src\main\AndroidManifest.xml:77:13-43
	android:noHistory
		ADDED from src\main\AndroidManifest.xml:76:13-37
	android:configChanges
		ADDED from src\main\AndroidManifest.xml:75:13-74
	android:name
		ADDED from src\main\AndroidManifest.xml:74:13-51
activity#activity.SameCasesActivity
ADDED from src\main\AndroidManifest.xml:79:9-83:20
	android:noHistory
		ADDED from src\main\AndroidManifest.xml:82:13-37
	android:configChanges
		ADDED from src\main\AndroidManifest.xml:81:13-74
	android:name
		ADDED from src\main\AndroidManifest.xml:80:13-54
activity#activity.SettingsActivity
ADDED from src\main\AndroidManifest.xml:85:9-89:20
	android:launchMode
		ADDED from src\main\AndroidManifest.xml:88:13-42
	android:configChanges
		ADDED from src\main\AndroidManifest.xml:87:13-74
	android:name
		ADDED from src\main\AndroidManifest.xml:86:13-53
activity#activity.PuzzleActivity
ADDED from src\main\AndroidManifest.xml:92:9-97:20
	android:screenOrientation
		ADDED from src\main\AndroidManifest.xml:96:13-50
	android:noHistory
		ADDED from src\main\AndroidManifest.xml:95:13-37
	android:configChanges
		ADDED from src\main\AndroidManifest.xml:94:13-48
	android:name
		ADDED from src\main\AndroidManifest.xml:93:13-51
activity#util.network.discovery.ActivityMain
ADDED from src\main\AndroidManifest.xml:98:9-102:20
	android:screenOrientation
		ADDED from src\main\AndroidManifest.xml:101:13-50
	android:launchMode
		ADDED from src\main\AndroidManifest.xml:100:13-42
	android:name
		ADDED from src\main\AndroidManifest.xml:99:13-63
activity#util.network.discovery.ActivityDiscovery
ADDED from src\main\AndroidManifest.xml:103:9-107:20
	android:launchMode
		ADDED from src\main\AndroidManifest.xml:106:13-42
	android:configChanges
		ADDED from src\main\AndroidManifest.xml:105:13-74
	android:name
		ADDED from src\main\AndroidManifest.xml:104:13-68
activity#util.network.discovery.ActivityNet
ADDED from src\main\AndroidManifest.xml:108:9-112:20
	android:screenOrientation
		ADDED from src\main\AndroidManifest.xml:111:13-50
	android:launchMode
		ADDED from src\main\AndroidManifest.xml:110:13-42
	android:name
		ADDED from src\main\AndroidManifest.xml:109:13-62
activity#util.network.discovery.ActivityPortscan
ADDED from src\main\AndroidManifest.xml:113:9-117:20
	android:screenOrientation
		ADDED from src\main\AndroidManifest.xml:116:13-50
	android:launchMode
		ADDED from src\main\AndroidManifest.xml:115:13-42
	android:name
		ADDED from src\main\AndroidManifest.xml:114:13-67